<?xml version="1.0" encoding="UTF-8"?>
<!-- Generated by org.testng.reporters.JUnitXMLReporter -->
<testsuite hostname="DESKTOP-OR3LN6T" ignored="0" name="Test" tests="1" failures="1" timestamp="12 Aug 2018 11:38:01 GMT" time="54.379" errors="0">
  <testcase name="f" time="54.206" classname="com.test.TestGitRepo.AppTest">
    <failure type="org.openqa.selenium.WebDriverException" message="Failed to connect to binary FirefoxBinary(C:\Program Files\Mozilla Firefox\firefox.exe) on port 7055; process output follows: 
UG	Registering manifest for C:\Program Files\Mozilla Firefox\browser\features\screenshots@mozilla.org.xpi
1534073835002	addons.xpi	DEBUG	Calling bootstrap method startup on screenshots@mozilla.org version 6.6.0
1534073835003	addons.xpi	DEBUG	Registering manifest for C:\Program Files\Mozilla Firefox\browser\features\webcompat@mozilla.org.xpi
1534073835005	addons.xpi	DEBUG	Calling bootstrap method startup on webcompat@mozilla.org version 1.1
1534073835013	addons.manager	DEBUG	Registering shutdown blocker for XPIProvider
1534073835014	addons.manager	DEBUG	Provider finished startup: XPIProvider
1534073835014	addons.manager	DEBUG	Starting provider: LightweightThemeManager
1534073835014	addons.manager	DEBUG	Registering shutdown blocker for LightweightThemeManager
1534073835015	addons.manager	DEBUG	Provider finished startup: LightweightThemeManager
1534073835016	addons.manager	DEBUG	Starting provider: GMPProvider
1534073835032	addons.manager	DEBUG	Registering shutdown blocker for GMPProvider
1534073835032	addons.manager	DEBUG	Provider finished startup: GMPProvider
1534073835032	addons.manager	DEBUG	Starting provider: PluginProvider
1534073835033	addons.manager	DEBUG	Registering shutdown blocker for PluginProvider
1534073835033	addons.manager	DEBUG	Provider finished startup: PluginProvider
1534073835034	addons.manager	DEBUG	Completed startup sequence
1534073837533	addons.manager	DEBUG	Starting provider: &amp;lt;unnamed-provider&amp;gt;
1534073837533	addons.manager	DEBUG	Registering shutdown blocker for &amp;lt;unnamed-provider&amp;gt;
1534073837534	addons.manager	DEBUG	Provider finished startup: &amp;lt;unnamed-provider&amp;gt;
1534073841128	DeferredSave.extensions.json	DEBUG	Write succeeded
1534073841128	addons.xpi-utils	DEBUG	XPI Database saved, setting schema version preference to 19
1534073841128	DeferredSave.extensions.json	DEBUG	Starting timer
1534073841152	DeferredSave.extensions.json	DEBUG	Starting write
1534073841172	addons.repository	DEBUG	No addons.json found.
1534073841206	DeferredSave.addons.json	DEBUG	Save changes
1534073841274	DeferredSave.addons.json	DEBUG	Starting timer
1534073841495	addons.manager	DEBUG	Starting provider: PreviousExperimentProvider
1534073841495	addons.manager	DEBUG	Registering shutdown blocker for PreviousExperimentProvider
1534073841496	addons.manager	DEBUG	Provider finished startup: PreviousExperimentProvider
1534073841501	DeferredSave.addons.json	DEBUG	Starting write
1534073841523	DeferredSave.extensions.json	DEBUG	Write succeeded
1534073841667	DeferredSave.addons.json	DEBUG	Write succeeded
[GPU 3948] WARNING: pipe error: 109: file c:/builds/moz2_slave/m-rel-w64-00000000000000000000/build/src/ipc/chromium/src/chrome/common/ipc_channel_win.cc, line 346
1534073860110	addons.xpi	DEBUG	Calling bootstrap method shutdown on webcompat@mozilla.org version 1.1
1534073860112	addons.xpi	DEBUG	Calling bootstrap method shutdown on screenshots@mozilla.org version 6.6.0
1534073860114	addons.xpi	DEBUG	Calling bootstrap method shutdown on firefox@getpocket.com version 1.0.5
1534073860116	addons.xpi	DEBUG	Calling bootstrap method shutdown on e10srollout@mozilla.org version 1.50
1534073860118	addons.xpi	DEBUG	Calling bootstrap method shutdown on aushelper@mozilla.org version 2.0
1534073861083	addons.manager	DEBUG	shutdown
1534073861085	addons.manager	DEBUG	Calling shutdown blocker for XPIProvider
1534073861085	addons.xpi	DEBUG	shutdown
1534073861085	addons.xpi-utils	DEBUG	shutdown
1534073861087	addons.manager	DEBUG	Calling shutdown blocker for LightweightThemeManager
1534073861088	addons.manager	DEBUG	Calling shutdown blocker for GMPProvider
1534073861091	addons.manager	DEBUG	Calling shutdown blocker for PluginProvider
1534073861092	addons.manager	DEBUG	Calling shutdown blocker for &amp;lt;unnamed-provider&amp;gt;
1534073861095	addons.manager	DEBUG	Calling shutdown blocker for PreviousExperimentProvider
1534073861100	addons.xpi	DEBUG	Notifying XPI shutdown observers
1534073861107	addons.manager	DEBUG	Async provider shutdown done

###!!! [Child][MessageChannel::SendAndWait] Error: Channel error: cannot send/recv


Build info: version: &amp;apos;3.0.1&amp;apos;, revision: &amp;apos;1969d75&amp;apos;, time: &amp;apos;2016-10-18 09:49:13 -0700&amp;apos;
System info: host: &amp;apos;DESKTOP-OR3LN6T&amp;apos;, ip: &amp;apos;192.168.0.5&amp;apos;, os.name: &amp;apos;Windows 10&amp;apos;, os.arch: &amp;apos;amd64&amp;apos;, os.version: &amp;apos;10.0&amp;apos;, java.version: &amp;apos;1.8.0_131&amp;apos;
Driver info: driver.version: FirefoxDriver">
      <![CDATA[org.openqa.selenium.WebDriverException: Failed to connect to binary FirefoxBinary(C:\Program Files\Mozilla Firefox\firefox.exe) on port 7055; process output follows: 
UG	Registering manifest for C:\Program Files\Mozilla Firefox\browser\features\screenshots@mozilla.org.xpi
1534073835002	addons.xpi	DEBUG	Calling bootstrap method startup on screenshots@mozilla.org version 6.6.0
1534073835003	addons.xpi	DEBUG	Registering manifest for C:\Program Files\Mozilla Firefox\browser\features\webcompat@mozilla.org.xpi
1534073835005	addons.xpi	DEBUG	Calling bootstrap method startup on webcompat@mozilla.org version 1.1
1534073835013	addons.manager	DEBUG	Registering shutdown blocker for XPIProvider
1534073835014	addons.manager	DEBUG	Provider finished startup: XPIProvider
1534073835014	addons.manager	DEBUG	Starting provider: LightweightThemeManager
1534073835014	addons.manager	DEBUG	Registering shutdown blocker for LightweightThemeManager
1534073835015	addons.manager	DEBUG	Provider finished startup: LightweightThemeManager
1534073835016	addons.manager	DEBUG	Starting provider: GMPProvider
1534073835032	addons.manager	DEBUG	Registering shutdown blocker for GMPProvider
1534073835032	addons.manager	DEBUG	Provider finished startup: GMPProvider
1534073835032	addons.manager	DEBUG	Starting provider: PluginProvider
1534073835033	addons.manager	DEBUG	Registering shutdown blocker for PluginProvider
1534073835033	addons.manager	DEBUG	Provider finished startup: PluginProvider
1534073835034	addons.manager	DEBUG	Completed startup sequence
1534073837533	addons.manager	DEBUG	Starting provider: <unnamed-provider>
1534073837533	addons.manager	DEBUG	Registering shutdown blocker for <unnamed-provider>
1534073837534	addons.manager	DEBUG	Provider finished startup: <unnamed-provider>
1534073841128	DeferredSave.extensions.json	DEBUG	Write succeeded
1534073841128	addons.xpi-utils	DEBUG	XPI Database saved, setting schema version preference to 19
1534073841128	DeferredSave.extensions.json	DEBUG	Starting timer
1534073841152	DeferredSave.extensions.json	DEBUG	Starting write
1534073841172	addons.repository	DEBUG	No addons.json found.
1534073841206	DeferredSave.addons.json	DEBUG	Save changes
1534073841274	DeferredSave.addons.json	DEBUG	Starting timer
1534073841495	addons.manager	DEBUG	Starting provider: PreviousExperimentProvider
1534073841495	addons.manager	DEBUG	Registering shutdown blocker for PreviousExperimentProvider
1534073841496	addons.manager	DEBUG	Provider finished startup: PreviousExperimentProvider
1534073841501	DeferredSave.addons.json	DEBUG	Starting write
1534073841523	DeferredSave.extensions.json	DEBUG	Write succeeded
1534073841667	DeferredSave.addons.json	DEBUG	Write succeeded
[GPU 3948] WARNING: pipe error: 109: file c:/builds/moz2_slave/m-rel-w64-00000000000000000000/build/src/ipc/chromium/src/chrome/common/ipc_channel_win.cc, line 346
1534073860110	addons.xpi	DEBUG	Calling bootstrap method shutdown on webcompat@mozilla.org version 1.1
1534073860112	addons.xpi	DEBUG	Calling bootstrap method shutdown on screenshots@mozilla.org version 6.6.0
1534073860114	addons.xpi	DEBUG	Calling bootstrap method shutdown on firefox@getpocket.com version 1.0.5
1534073860116	addons.xpi	DEBUG	Calling bootstrap method shutdown on e10srollout@mozilla.org version 1.50
1534073860118	addons.xpi	DEBUG	Calling bootstrap method shutdown on aushelper@mozilla.org version 2.0
1534073861083	addons.manager	DEBUG	shutdown
1534073861085	addons.manager	DEBUG	Calling shutdown blocker for XPIProvider
1534073861085	addons.xpi	DEBUG	shutdown
1534073861085	addons.xpi-utils	DEBUG	shutdown
1534073861087	addons.manager	DEBUG	Calling shutdown blocker for LightweightThemeManager
1534073861088	addons.manager	DEBUG	Calling shutdown blocker for GMPProvider
1534073861091	addons.manager	DEBUG	Calling shutdown blocker for PluginProvider
1534073861092	addons.manager	DEBUG	Calling shutdown blocker for <unnamed-provider>
1534073861095	addons.manager	DEBUG	Calling shutdown blocker for PreviousExperimentProvider
1534073861100	addons.xpi	DEBUG	Notifying XPI shutdown observers
1534073861107	addons.manager	DEBUG	Async provider shutdown done

###!!! [Child][MessageChannel::SendAndWait] Error: Channel error: cannot send/recv


Build info: version: '3.0.1', revision: '1969d75', time: '2016-10-18 09:49:13 -0700'
System info: host: 'DESKTOP-OR3LN6T', ip: '192.168.0.5', os.name: 'Windows 10', os.arch: 'amd64', os.version: '10.0', java.version: '1.8.0_131'
Driver info: driver.version: FirefoxDriver
	at org.openqa.selenium.firefox.internal.NewProfileExtensionConnection.start(NewProfileExtensionConnection.java:125)
	at org.openqa.selenium.firefox.FirefoxDriver.startClient(FirefoxDriver.java:347)
	at org.openqa.selenium.remote.RemoteWebDriver.<init>(RemoteWebDriver.java:116)
	at org.openqa.selenium.firefox.FirefoxDriver.<init>(FirefoxDriver.java:259)
	at org.openqa.selenium.firefox.FirefoxDriver.<init>(FirefoxDriver.java:247)
	at org.openqa.selenium.firefox.FirefoxDriver.<init>(FirefoxDriver.java:242)
	at org.openqa.selenium.firefox.FirefoxDriver.<init>(FirefoxDriver.java:238)
	at org.openqa.selenium.firefox.FirefoxDriver.<init>(FirefoxDriver.java:127)
	at com.test.TestGitRepo.AppTest.f(AppTest.java:20)
Caused by: org.openqa.selenium.firefox.NotConnectedException: Unable to connect to host 127.0.0.1 on port 7055 after 45000 ms. Firefox console output:
UG	Registering manifest for C:\Program Files\Mozilla Firefox\browser\features\screenshots@mozilla.org.xpi
1534073835002	addons.xpi	DEBUG	Calling bootstrap method startup on screenshots@mozilla.org version 6.6.0
1534073835003	addons.xpi	DEBUG	Registering manifest for C:\Program Files\Mozilla Firefox\browser\features\webcompat@mozilla.org.xpi
1534073835005	addons.xpi	DEBUG	Calling bootstrap method startup on webcompat@mozilla.org version 1.1
1534073835013	addons.manager	DEBUG	Registering shutdown blocker for XPIProvider
1534073835014	addons.manager	DEBUG	Provider finished startup: XPIProvider
1534073835014	addons.manager	DEBUG	Starting provider: LightweightThemeManager
1534073835014	addons.manager	DEBUG	Registering shutdown blocker for LightweightThemeManager
1534073835015	addons.manager	DEBUG	Provider finished startup: LightweightThemeManager
1534073835016	addons.manager	DEBUG	Starting provider: GMPProvider
1534073835032	addons.manager	DEBUG	Registering shutdown blocker for GMPProvider
1534073835032	addons.manager	DEBUG	Provider finished startup: GMPProvider
1534073835032	addons.manager	DEBUG	Starting provider: PluginProvider
1534073835033	addons.manager	DEBUG	Registering shutdown blocker for PluginProvider
1534073835033	addons.manager	DEBUG	Provider finished startup: PluginProvider
1534073835034	addons.manager	DEBUG	Completed startup sequence
1534073837533	addons.manager	DEBUG	Starting provider: <unnamed-provider>
1534073837533	addons.manager	DEBUG	Registering shutdown blocker for <unnamed-provider>
1534073837534	addons.manager	DEBUG	Provider finished startup: <unnamed-provider>
1534073841128	DeferredSave.extensions.json	DEBUG	Write succeeded
1534073841128	addons.xpi-utils	DEBUG	XPI Database saved, setting schema version preference to 19
1534073841128	DeferredSave.extensions.json	DEBUG	Starting timer
1534073841152	DeferredSave.extensions.json	DEBUG	Starting write
1534073841172	addons.repository	DEBUG	No addons.json found.
1534073841206	DeferredSave.addons.json	DEBUG	Save changes
1534073841274	DeferredSave.addons.json	DEBUG	Starting timer
1534073841495	addons.manager	DEBUG	Starting provider: PreviousExperimentProvider
1534073841495	addons.manager	DEBUG	Registering shutdown blocker for PreviousExperimentProvider
1534073841496	addons.manager	DEBUG	Provider finished startup: PreviousExperimentProvider
1534073841501	DeferredSave.addons.json	DEBUG	Starting write
1534073841523	DeferredSave.extensions.json	DEBUG	Write succeeded
1534073841667	DeferredSave.addons.json	DEBUG	Write succeeded
[GPU 3948] WARNING: pipe error: 109: file c:/builds/moz2_slave/m-rel-w64-00000000000000000000/build/src/ipc/chromium/src/chrome/common/ipc_channel_win.cc, line 346
1534073860110	addons.xpi	DEBUG	Calling bootstrap method shutdown on webcompat@mozilla.org version 1.1
1534073860112	addons.xpi	DEBUG	Calling bootstrap method shutdown on screenshots@mozilla.org version 6.6.0
1534073860114	addons.xpi	DEBUG	Calling bootstrap method shutdown on firefox@getpocket.com version 1.0.5
1534073860116	addons.xpi	DEBUG	Calling bootstrap method shutdown on e10srollout@mozilla.org version 1.50
1534073860118	addons.xpi	DEBUG	Calling bootstrap method shutdown on aushelper@mozilla.org version 2.0
1534073861083	addons.manager	DEBUG	shutdown
1534073861085	addons.manager	DEBUG	Calling shutdown blocker for XPIProvider
1534073861085	addons.xpi	DEBUG	shutdown
1534073861085	addons.xpi-utils	DEBUG	shutdown
1534073861087	addons.manager	DEBUG	Calling shutdown blocker for LightweightThemeManager
1534073861088	addons.manager	DEBUG	Calling shutdown blocker for GMPProvider
1534073861091	addons.manager	DEBUG	Calling shutdown blocker for PluginProvider
1534073861092	addons.manager	DEBUG	Calling shutdown blocker for <unnamed-provider>
1534073861095	addons.manager	DEBUG	Calling shutdown blocker for PreviousExperimentProvider
1534073861100	addons.xpi	DEBUG	Notifying XPI shutdown observers
1534073861107	addons.manager	DEBUG	Async provider shutdown done

###!!! [Child][MessageChannel::SendAndWait] Error: Channel error: cannot send/recv


	at org.openqa.selenium.firefox.internal.NewProfileExtensionConnection.start(NewProfileExtensionConnection.java:113)
	... 33 more
... Removed 25 stack frames]]>
    </failure>
  </testcase> <!-- f -->
</testsuite> <!-- Test -->
